<?xml version="1.0" encoding="UTF-8"?>
<!-- Generated by org.testng.reporters.JUnitReportReporter -->
<testsuite skipped="0" hostname="DESKTOP-INHI65J" name="com.amazon.testScripts.TestAndroid" tests="1" failures="0" timestamp="20 Jan 2019 12:00:37 GMT" time="0.094" errors="0">
  <testcase name="TestAndroid" time="0.094" classname="com.amazon.testScripts.TestAndroid"/>
</testsuite> <!-- com.amazon.testScripts.TestAndroid -->
